08/31/2020 12:24:19 - INFO - main.py -   Training the LowFER model...
08/31/2020 12:24:19 - INFO - main.py -   Number of training data points: 544230
08/31/2020 12:27:28 - INFO - main.py -   Training the LowFER model...
08/31/2020 12:27:28 - INFO - main.py -   Number of training data points: 544230
08/31/2020 12:27:30 - INFO - main.py -   Starting training...
08/31/2020 12:27:30 - INFO - main.py -   Params: 11003800
08/31/2020 12:27:49 - INFO - main.py -   Training the LowFER model...
08/31/2020 12:27:50 - INFO - main.py -   Number of training data points: 544230
08/31/2020 12:27:52 - INFO - main.py -   Starting training...
08/31/2020 12:27:52 - INFO - main.py -   Params: 11003800
08/31/2020 12:36:00 - INFO - main.py -   Training the LowFER model...
08/31/2020 12:36:00 - INFO - main.py -   Number of training data points: 544230
08/31/2020 12:36:02 - INFO - main.py -   Starting training...
08/31/2020 12:36:02 - INFO - main.py -   Params: 11003800
08/31/2020 12:41:23 - INFO - main.py -   Training the LowFER model...
08/31/2020 12:41:23 - INFO - main.py -   Number of training data points: 544230
08/31/2020 12:41:25 - INFO - main.py -   Starting training...
08/31/2020 12:41:25 - INFO - main.py -   Params: 11003800
08/31/2020 12:43:42 - INFO - main.py -   Epoch 1 / time 136.90611 / loss 0.292569180
08/31/2020 12:46:00 - INFO - main.py -   Epoch 2 / time 138.10878 / loss 0.038351277
08/31/2020 12:48:19 - INFO - main.py -   Epoch 3 / time 138.59926 / loss 0.009953784
08/31/2020 12:50:37 - INFO - main.py -   Epoch 4 / time 138.42489 / loss 0.004932917
08/31/2020 12:52:56 - INFO - main.py -   Epoch 5 / time 138.65562 / loss 0.003502900
08/31/2020 12:55:13 - INFO - main.py -   Epoch 6 / time 137.85922 / loss 0.002989909
08/31/2020 12:57:31 - INFO - main.py -   Epoch 7 / time 137.22069 / loss 0.002770895
08/31/2020 12:59:48 - INFO - main.py -   Epoch 8 / time 137.27202 / loss 0.002653399
08/31/2020 13:02:05 - INFO - main.py -   Epoch 9 / time 136.90322 / loss 0.002585039
08/31/2020 13:04:21 - INFO - main.py -   Epoch 10 / time 136.54975 / loss 0.002551850
08/31/2020 13:04:21 - INFO - main.py -   Validation:
08/31/2020 13:04:22 - INFO - main.py -   Number of data points: 35070
08/31/2020 13:05:35 - INFO - main.py -   Hits @10: 0.06612489307100086
08/31/2020 13:05:35 - INFO - main.py -   Hits @3: 0.02891360136869119
08/31/2020 13:05:35 - INFO - main.py -   Hits @1: 0.013059595095523239
08/31/2020 13:05:35 - INFO - main.py -   Mean rank: 3446.8675220986597
08/31/2020 13:05:35 - INFO - main.py -   Mean reciprocal rank: 0.03034351153796487
08/31/2020 13:07:53 - INFO - main.py -   Epoch 11 / time 137.91108 / loss 0.002535437
08/31/2020 13:10:10 - INFO - main.py -   Epoch 12 / time 137.16976 / loss 0.002506383
08/31/2020 13:12:27 - INFO - main.py -   Epoch 13 / time 137.24996 / loss 0.002478385
08/31/2020 13:14:44 - INFO - main.py -   Epoch 14 / time 137.26703 / loss 0.002459676
08/31/2020 13:17:02 - INFO - main.py -   Epoch 15 / time 137.43278 / loss 0.002441667
08/31/2020 13:19:19 - INFO - main.py -   Epoch 16 / time 137.35287 / loss 0.002420983
08/31/2020 13:21:36 - INFO - main.py -   Epoch 17 / time 137.01256 / loss 0.002378650
08/31/2020 13:23:53 - INFO - main.py -   Epoch 18 / time 136.97291 / loss 0.002347303
08/31/2020 13:26:10 - INFO - main.py -   Epoch 19 / time 137.20095 / loss 0.002300196
08/31/2020 13:28:27 - INFO - main.py -   Epoch 20 / time 137.06176 / loss 0.002262241
08/31/2020 13:28:27 - INFO - main.py -   Validation:
08/31/2020 13:28:28 - INFO - main.py -   Number of data points: 35070
08/31/2020 13:29:41 - INFO - main.py -   Hits @10: 0.21730824066153406
08/31/2020 13:29:41 - INFO - main.py -   Hits @3: 0.13974907328200742
08/31/2020 13:29:41 - INFO - main.py -   Hits @1: 0.09558026803535785
08/31/2020 13:29:41 - INFO - main.py -   Mean rank: 1919.651753635586
08/31/2020 13:29:41 - INFO - main.py -   Mean reciprocal rank: 0.13472421112502458
08/31/2020 13:32:09 - INFO - main.py -   Epoch 21 / time 147.87434 / loss 0.002221811
08/31/2020 13:34:26 - INFO - main.py -   Epoch 22 / time 137.31818 / loss 0.002180742
08/31/2020 13:36:43 - INFO - main.py -   Epoch 23 / time 137.25055 / loss 0.002135605
08/31/2020 13:39:01 - INFO - main.py -   Epoch 24 / time 137.22696 / loss 0.002105910
08/31/2020 13:41:18 - INFO - main.py -   Epoch 25 / time 137.16240 / loss 0.002080260
08/31/2020 13:43:34 - INFO - main.py -   Epoch 26 / time 136.51525 / loss 0.002067497
08/31/2020 13:45:51 - INFO - main.py -   Epoch 27 / time 137.00355 / loss 0.002021961
08/31/2020 13:48:08 - INFO - main.py -   Epoch 28 / time 137.13739 / loss 0.002013377
08/31/2020 13:50:26 - INFO - main.py -   Epoch 29 / time 137.23475 / loss 0.001988599
08/31/2020 13:52:43 - INFO - main.py -   Epoch 30 / time 137.05130 / loss 0.001985753
08/31/2020 13:52:43 - INFO - main.py -   Validation:
08/31/2020 13:52:44 - INFO - main.py -   Number of data points: 35070
08/31/2020 13:53:56 - INFO - main.py -   Hits @10: 0.33350441973196465
08/31/2020 13:53:56 - INFO - main.py -   Hits @3: 0.23387510692899915
08/31/2020 13:53:56 - INFO - main.py -   Hits @1: 0.1587396635300827
08/31/2020 13:53:56 - INFO - main.py -   Mean rank: 630.4073852295409
08/31/2020 13:53:56 - INFO - main.py -   Mean reciprocal rank: 0.21758341136294682
08/31/2020 13:56:13 - INFO - main.py -   Epoch 31 / time 137.40483 / loss 0.001966174
08/31/2020 13:58:30 - INFO - main.py -   Epoch 32 / time 136.92512 / loss 0.001961622
08/31/2020 14:00:48 - INFO - main.py -   Epoch 33 / time 137.54040 / loss 0.001932889
08/31/2020 14:03:05 - INFO - main.py -   Epoch 34 / time 137.67545 / loss 0.001949062
08/31/2020 14:05:23 - INFO - main.py -   Epoch 35 / time 137.68725 / loss 0.001908365
08/31/2020 14:07:41 - INFO - main.py -   Epoch 36 / time 137.75484 / loss 0.001906130
08/31/2020 14:09:59 - INFO - main.py -   Epoch 37 / time 137.68548 / loss 0.001897862
08/31/2020 14:12:16 - INFO - main.py -   Epoch 38 / time 137.60122 / loss 0.001872589
08/31/2020 14:14:34 - INFO - main.py -   Epoch 39 / time 138.29715 / loss 0.001877052
08/31/2020 14:16:52 - INFO - main.py -   Epoch 40 / time 137.64195 / loss 0.001871560
08/31/2020 14:16:52 - INFO - main.py -   Validation:
08/31/2020 14:16:53 - INFO - main.py -   Number of data points: 35070
08/31/2020 14:18:05 - INFO - main.py -   Hits @10: 0.3555745651554035
08/31/2020 14:18:05 - INFO - main.py -   Hits @3: 0.24907328200741374
08/31/2020 14:18:05 - INFO - main.py -   Hits @1: 0.165839749073282
08/31/2020 14:18:05 - INFO - main.py -   Mean rank: 456.47530652979754
08/31/2020 14:18:05 - INFO - main.py -   Mean reciprocal rank: 0.23034143964065823
08/31/2020 14:20:23 - INFO - main.py -   Epoch 41 / time 138.08303 / loss 0.001874163
08/31/2020 14:22:41 - INFO - main.py -   Epoch 42 / time 137.83171 / loss 0.001857268
08/31/2020 14:24:59 - INFO - main.py -   Epoch 43 / time 137.67496 / loss 0.001841244
08/31/2020 14:27:16 - INFO - main.py -   Epoch 44 / time 137.23014 / loss 0.001847167
08/31/2020 14:29:34 - INFO - main.py -   Epoch 45 / time 137.97491 / loss 0.001847100
08/31/2020 14:32:02 - INFO - main.py -   Epoch 46 / time 148.18154 / loss 0.001833393
08/31/2020 14:34:20 - INFO - main.py -   Epoch 47 / time 137.77952 / loss 0.001824376
08/31/2020 14:36:38 - INFO - main.py -   Epoch 48 / time 137.86659 / loss 0.001827421
08/31/2020 14:38:55 - INFO - main.py -   Epoch 49 / time 137.34990 / loss 0.001819504
08/31/2020 14:41:13 - INFO - main.py -   Epoch 50 / time 137.91825 / loss 0.001808145
08/31/2020 14:41:13 - INFO - main.py -   Validation:
08/31/2020 14:41:14 - INFO - main.py -   Number of data points: 35070
08/31/2020 14:42:27 - INFO - main.py -   Hits @10: 0.36709438266324496
08/31/2020 14:42:27 - INFO - main.py -   Hits @3: 0.2615340747077274
08/31/2020 14:42:27 - INFO - main.py -   Hits @1: 0.17037353863701168
08/31/2020 14:42:27 - INFO - main.py -   Mean rank: 435.3792985457656
08/31/2020 14:42:27 - INFO - main.py -   Mean reciprocal rank: 0.23863277592397372
08/31/2020 14:44:45 - INFO - main.py -   Epoch 51 / time 138.14409 / loss 0.001814318
08/31/2020 14:47:03 - INFO - main.py -   Epoch 52 / time 137.99479 / loss 0.001800764
08/31/2020 14:49:21 - INFO - main.py -   Epoch 53 / time 137.67143 / loss 0.001789844
08/31/2020 14:51:39 - INFO - main.py -   Epoch 54 / time 137.75042 / loss 0.001784782
08/31/2020 14:53:56 - INFO - main.py -   Epoch 55 / time 137.58244 / loss 0.001805061
08/31/2020 14:56:14 - INFO - main.py -   Epoch 56 / time 137.26712 / loss 0.001789715
08/31/2020 14:58:32 - INFO - main.py -   Epoch 57 / time 137.92053 / loss 0.001789266
08/31/2020 15:00:50 - INFO - main.py -   Epoch 58 / time 138.18814 / loss 0.001796055
08/31/2020 15:03:08 - INFO - main.py -   Epoch 59 / time 137.63253 / loss 0.001789787
08/31/2020 15:05:25 - INFO - main.py -   Epoch 60 / time 137.82724 / loss 0.001764900
08/31/2020 15:05:25 - INFO - main.py -   Validation:
08/31/2020 15:05:26 - INFO - main.py -   Number of data points: 35070
08/31/2020 15:06:38 - INFO - main.py -   Hits @10: 0.37812945537496434
08/31/2020 15:06:38 - INFO - main.py -   Hits @3: 0.26723695466210434
08/31/2020 15:06:38 - INFO - main.py -   Hits @1: 0.17872825777017393
08/31/2020 15:06:38 - INFO - main.py -   Mean rank: 364.90701454234386
08/31/2020 15:06:38 - INFO - main.py -   Mean reciprocal rank: 0.24683966551816097
08/31/2020 15:08:55 - INFO - main.py -   Epoch 61 / time 137.44972 / loss 0.001755444
08/31/2020 15:11:12 - INFO - main.py -   Epoch 62 / time 136.70418 / loss 0.001776396
08/31/2020 15:13:30 - INFO - main.py -   Epoch 63 / time 137.74157 / loss 0.001776254
08/31/2020 15:15:48 - INFO - main.py -   Epoch 64 / time 137.79386 / loss 0.001753773
08/31/2020 15:18:05 - INFO - main.py -   Epoch 65 / time 137.62772 / loss 0.001750088
08/31/2020 15:20:23 - INFO - main.py -   Epoch 66 / time 137.51035 / loss 0.001752905
08/31/2020 15:22:40 - INFO - main.py -   Epoch 67 / time 137.37302 / loss 0.001752700
08/31/2020 15:24:58 - INFO - main.py -   Epoch 68 / time 137.78520 / loss 0.001748408
08/31/2020 15:27:15 - INFO - main.py -   Epoch 69 / time 137.54337 / loss 0.001742733
08/31/2020 15:29:33 - INFO - main.py -   Epoch 70 / time 137.67105 / loss 0.001736353
08/31/2020 15:29:33 - INFO - main.py -   Validation:
08/31/2020 15:29:34 - INFO - main.py -   Number of data points: 35070
08/31/2020 15:30:56 - INFO - main.py -   Hits @10: 0.3925292272597662
08/31/2020 15:30:56 - INFO - main.py -   Hits @3: 0.2774451097804391
08/31/2020 15:30:56 - INFO - main.py -   Hits @1: 0.18366124893071
08/31/2020 15:30:56 - INFO - main.py -   Mean rank: 335.65032791559736
08/31/2020 15:30:56 - INFO - main.py -   Mean reciprocal rank: 0.2544214780145619
08/31/2020 15:33:14 - INFO - main.py -   Epoch 71 / time 137.59745 / loss 0.001736412
08/31/2020 15:35:32 - INFO - main.py -   Epoch 72 / time 137.71262 / loss 0.001742656
08/31/2020 15:37:49 - INFO - main.py -   Epoch 73 / time 137.23414 / loss 0.001738802
08/31/2020 15:40:07 - INFO - main.py -   Epoch 74 / time 137.59625 / loss 0.001737431
08/31/2020 15:42:24 - INFO - main.py -   Epoch 75 / time 137.71831 / loss 0.001732779
08/31/2020 15:44:42 - INFO - main.py -   Epoch 76 / time 137.76788 / loss 0.001735886
08/31/2020 15:47:00 - INFO - main.py -   Epoch 77 / time 138.05952 / loss 0.001727627
08/31/2020 15:49:18 - INFO - main.py -   Epoch 78 / time 137.66753 / loss 0.001722875
08/31/2020 15:51:36 - INFO - main.py -   Epoch 79 / time 137.71179 / loss 0.001721431
08/31/2020 15:53:53 - INFO - main.py -   Epoch 80 / time 137.81890 / loss 0.001714098
08/31/2020 15:53:53 - INFO - main.py -   Validation:
08/31/2020 15:53:54 - INFO - main.py -   Number of data points: 35070
08/31/2020 15:55:07 - INFO - main.py -   Hits @10: 0.398517251211862
08/31/2020 15:55:07 - INFO - main.py -   Hits @3: 0.28140861134873113
08/31/2020 15:55:07 - INFO - main.py -   Hits @1: 0.18756772169945823
08/31/2020 15:55:07 - INFO - main.py -   Mean rank: 318.13880809808956
08/31/2020 15:55:07 - INFO - main.py -   Mean reciprocal rank: 0.2590905028251616
08/31/2020 15:57:25 - INFO - main.py -   Epoch 81 / time 137.84049 / loss 0.001711919
08/31/2020 15:59:43 - INFO - main.py -   Epoch 82 / time 138.36453 / loss 0.001710912
08/31/2020 16:02:01 - INFO - main.py -   Epoch 83 / time 137.72161 / loss 0.001714484
08/31/2020 16:04:19 - INFO - main.py -   Epoch 84 / time 137.96364 / loss 0.001710596
08/31/2020 16:06:36 - INFO - main.py -   Epoch 85 / time 137.51929 / loss 0.001708333
08/31/2020 16:08:54 - INFO - main.py -   Epoch 86 / time 137.35401 / loss 0.001705897
08/31/2020 16:11:11 - INFO - main.py -   Epoch 87 / time 137.40023 / loss 0.001705232
08/31/2020 16:13:29 - INFO - main.py -   Epoch 88 / time 137.44534 / loss 0.001721075
08/31/2020 16:15:46 - INFO - main.py -   Epoch 89 / time 137.53730 / loss 0.001711159
08/31/2020 16:18:04 - INFO - main.py -   Epoch 90 / time 137.39577 / loss 0.001709615
08/31/2020 16:18:04 - INFO - main.py -   Validation:
08/31/2020 16:18:04 - INFO - main.py -   Number of data points: 35070
08/31/2020 16:19:17 - INFO - main.py -   Hits @10: 0.4052466495580268
08/31/2020 16:19:17 - INFO - main.py -   Hits @3: 0.2864841745081266
08/31/2020 16:19:17 - INFO - main.py -   Hits @1: 0.19170230966638152
08/31/2020 16:19:17 - INFO - main.py -   Mean rank: 315.83068149415453
08/31/2020 16:19:17 - INFO - main.py -   Mean reciprocal rank: 0.2641069437875368
08/31/2020 16:21:35 - INFO - main.py -   Epoch 91 / time 137.37576 / loss 0.001695593
08/31/2020 16:23:52 - INFO - main.py -   Epoch 92 / time 137.76742 / loss 0.001696378
08/31/2020 16:26:10 - INFO - main.py -   Epoch 93 / time 137.43757 / loss 0.001711865
08/31/2020 16:28:28 - INFO - main.py -   Epoch 94 / time 137.83531 / loss 0.001700009
08/31/2020 16:30:56 - INFO - main.py -   Epoch 95 / time 148.07632 / loss 0.001700994
08/31/2020 16:33:14 - INFO - main.py -   Epoch 96 / time 138.14963 / loss 0.001688394
08/31/2020 16:35:32 - INFO - main.py -   Epoch 97 / time 137.57336 / loss 0.001703430
08/31/2020 16:37:49 - INFO - main.py -   Epoch 98 / time 137.62676 / loss 0.001702614
08/31/2020 16:40:07 - INFO - main.py -   Epoch 99 / time 138.24710 / loss 0.001682419
08/31/2020 16:42:25 - INFO - main.py -   Epoch 100 / time 137.78958 / loss 0.001680695
08/31/2020 16:42:25 - INFO - main.py -   Validation:
08/31/2020 16:42:26 - INFO - main.py -   Number of data points: 35070
08/31/2020 16:43:39 - INFO - main.py -   Hits @10: 0.4150270886797833
08/31/2020 16:43:39 - INFO - main.py -   Hits @3: 0.2934131736526946
08/31/2020 16:43:39 - INFO - main.py -   Hits @1: 0.19640718562874251
08/31/2020 16:43:39 - INFO - main.py -   Mean rank: 282.5528371827773
08/31/2020 16:43:39 - INFO - main.py -   Mean reciprocal rank: 0.27001650725322784
08/31/2020 16:45:56 - INFO - main.py -   Epoch 101 / time 137.54703 / loss 0.001693708
08/31/2020 16:48:14 - INFO - main.py -   Epoch 102 / time 137.46226 / loss 0.001678087
08/31/2020 16:50:32 - INFO - main.py -   Epoch 103 / time 138.00979 / loss 0.001685779
08/31/2020 16:52:49 - INFO - main.py -   Epoch 104 / time 137.54203 / loss 0.001676873
08/31/2020 16:55:07 - INFO - main.py -   Epoch 105 / time 137.70693 / loss 0.001679192
08/31/2020 16:57:25 - INFO - main.py -   Epoch 106 / time 137.94066 / loss 0.001682829
08/31/2020 16:59:43 - INFO - main.py -   Epoch 107 / time 137.49537 / loss 0.001670996
08/31/2020 17:02:00 - INFO - main.py -   Epoch 108 / time 137.82706 / loss 0.001682920
08/31/2020 17:04:19 - INFO - main.py -   Epoch 109 / time 138.49595 / loss 0.001665521
08/31/2020 17:06:37 - INFO - main.py -   Epoch 110 / time 137.60363 / loss 0.001669110
08/31/2020 17:06:37 - INFO - main.py -   Validation:
08/31/2020 17:06:37 - INFO - main.py -   Number of data points: 35070
08/31/2020 17:07:50 - INFO - main.py -   Hits @10: 0.42266894781864844
08/31/2020 17:07:50 - INFO - main.py -   Hits @3: 0.2971200456230396
08/31/2020 17:07:50 - INFO - main.py -   Hits @1: 0.19977188480182492
08/31/2020 17:07:50 - INFO - main.py -   Mean rank: 285.9277159965783
08/31/2020 17:07:50 - INFO - main.py -   Mean reciprocal rank: 0.2744481867300909
08/31/2020 17:10:08 - INFO - main.py -   Epoch 111 / time 137.81899 / loss 0.001680425
08/31/2020 17:12:25 - INFO - main.py -   Epoch 112 / time 137.53761 / loss 0.001661887
08/31/2020 17:14:43 - INFO - main.py -   Epoch 113 / time 138.05574 / loss 0.001652150
08/31/2020 17:17:01 - INFO - main.py -   Epoch 114 / time 137.88986 / loss 0.001662895
08/31/2020 17:19:19 - INFO - main.py -   Epoch 115 / time 137.49307 / loss 0.001662905
08/31/2020 17:21:36 - INFO - main.py -   Epoch 116 / time 137.11055 / loss 0.001661682
08/31/2020 17:23:54 - INFO - main.py -   Epoch 117 / time 137.85648 / loss 0.001667519
08/31/2020 17:26:12 - INFO - main.py -   Epoch 118 / time 137.99166 / loss 0.001659847
08/31/2020 17:28:29 - INFO - main.py -   Epoch 119 / time 137.55626 / loss 0.001658751
08/31/2020 17:30:57 - INFO - main.py -   Epoch 120 / time 147.75997 / loss 0.001648000
08/31/2020 17:30:57 - INFO - main.py -   Validation:
08/31/2020 17:30:58 - INFO - main.py -   Number of data points: 35070
08/31/2020 17:32:10 - INFO - main.py -   Hits @10: 0.4273738237810094
08/31/2020 17:32:10 - INFO - main.py -   Hits @3: 0.30333618477331054
08/31/2020 17:32:10 - INFO - main.py -   Hits @1: 0.2024522383803821
08/31/2020 17:32:10 - INFO - main.py -   Mean rank: 263.60165383518677
08/31/2020 17:32:10 - INFO - main.py -   Mean reciprocal rank: 0.2784428950028468
08/31/2020 17:34:28 - INFO - main.py -   Epoch 121 / time 137.69421 / loss 0.001667433
08/31/2020 17:36:45 - INFO - main.py -   Epoch 122 / time 137.20431 / loss 0.001643801
08/31/2020 17:39:03 - INFO - main.py -   Epoch 123 / time 137.77973 / loss 0.001650155
08/31/2020 17:41:21 - INFO - main.py -   Epoch 124 / time 137.84255 / loss 0.001657227
08/31/2020 17:43:38 - INFO - main.py -   Epoch 125 / time 137.62122 / loss 0.001650408
08/31/2020 17:45:56 - INFO - main.py -   Epoch 126 / time 137.51931 / loss 0.001642248
08/31/2020 17:48:13 - INFO - main.py -   Epoch 127 / time 137.23570 / loss 0.001645046
08/31/2020 17:50:31 - INFO - main.py -   Epoch 128 / time 137.84489 / loss 0.001642117
08/31/2020 17:52:49 - INFO - main.py -   Epoch 129 / time 138.04691 / loss 0.001651564
08/31/2020 17:55:07 - INFO - main.py -   Epoch 130 / time 137.56487 / loss 0.001635354
08/31/2020 17:55:07 - INFO - main.py -   Validation:
08/31/2020 17:55:07 - INFO - main.py -   Number of data points: 35070
08/31/2020 17:56:20 - INFO - main.py -   Hits @10: 0.43721129170230966
08/31/2020 17:56:20 - INFO - main.py -   Hits @3: 0.3095523239235814
08/31/2020 17:56:20 - INFO - main.py -   Hits @1: 0.20718562874251498
08/31/2020 17:56:20 - INFO - main.py -   Mean rank: 252.06535500427717
08/31/2020 17:56:20 - INFO - main.py -   Mean reciprocal rank: 0.284839099790595
08/31/2020 17:58:38 - INFO - main.py -   Epoch 131 / time 137.46962 / loss 0.001640781
08/31/2020 18:00:56 - INFO - main.py -   Epoch 132 / time 138.09739 / loss 0.001637612
08/31/2020 18:03:14 - INFO - main.py -   Epoch 133 / time 137.72375 / loss 0.001637843
08/31/2020 18:05:31 - INFO - main.py -   Epoch 134 / time 137.89013 / loss 0.001633572
08/31/2020 18:07:49 - INFO - main.py -   Epoch 135 / time 137.47160 / loss 0.001648824
08/31/2020 18:10:07 - INFO - main.py -   Epoch 136 / time 137.83678 / loss 0.001644761
08/31/2020 18:12:24 - INFO - main.py -   Epoch 137 / time 137.63896 / loss 0.001650142
08/31/2020 18:14:42 - INFO - main.py -   Epoch 138 / time 137.27271 / loss 0.001637674
08/31/2020 18:16:59 - INFO - main.py -   Epoch 139 / time 137.04611 / loss 0.001645294
08/31/2020 18:19:16 - INFO - main.py -   Epoch 140 / time 137.66075 / loss 0.001636992
08/31/2020 18:19:16 - INFO - main.py -   Validation:
08/31/2020 18:19:17 - INFO - main.py -   Number of data points: 35070
08/31/2020 18:20:30 - INFO - main.py -   Hits @10: 0.4442828628457371
08/31/2020 18:20:30 - INFO - main.py -   Hits @3: 0.31611063587111493
08/31/2020 18:20:30 - INFO - main.py -   Hits @1: 0.2124037639007699
08/31/2020 18:20:30 - INFO - main.py -   Mean rank: 250.6562874251497
08/31/2020 18:20:30 - INFO - main.py -   Mean reciprocal rank: 0.2906102723827672
08/31/2020 18:22:48 - INFO - main.py -   Epoch 141 / time 137.69374 / loss 0.001647583
08/31/2020 18:25:06 - INFO - main.py -   Epoch 142 / time 137.99797 / loss 0.001654210
08/31/2020 18:27:23 - INFO - main.py -   Epoch 143 / time 137.41006 / loss 0.001635108
08/31/2020 18:29:41 - INFO - main.py -   Epoch 144 / time 138.04224 / loss 0.001618379
08/31/2020 18:32:09 - INFO - main.py -   Epoch 145 / time 147.85278 / loss 0.001633804
08/31/2020 18:34:27 - INFO - main.py -   Epoch 146 / time 137.96828 / loss 0.001630093
08/31/2020 18:36:45 - INFO - main.py -   Epoch 147 / time 138.02118 / loss 0.001635217
08/31/2020 18:39:03 - INFO - main.py -   Epoch 148 / time 138.09438 / loss 0.001622050
08/31/2020 18:41:21 - INFO - main.py -   Epoch 149 / time 137.79701 / loss 0.001624614
08/31/2020 18:43:39 - INFO - main.py -   Epoch 150 / time 138.01069 / loss 0.001635208
08/31/2020 18:43:39 - INFO - main.py -   Validation:
08/31/2020 18:43:40 - INFO - main.py -   Number of data points: 35070
08/31/2020 18:44:53 - INFO - main.py -   Hits @10: 0.448018249215854
08/31/2020 18:44:53 - INFO - main.py -   Hits @3: 0.3185913886512689
08/31/2020 18:44:53 - INFO - main.py -   Hits @1: 0.21474194468206445
08/31/2020 18:44:53 - INFO - main.py -   Mean rank: 238.83877958368976
08/31/2020 18:44:53 - INFO - main.py -   Mean reciprocal rank: 0.29338208632904833
08/31/2020 18:47:11 - INFO - main.py -   Epoch 151 / time 137.94299 / loss 0.001629724
08/31/2020 18:49:29 - INFO - main.py -   Epoch 152 / time 138.04201 / loss 0.001641332
08/31/2020 18:51:47 - INFO - main.py -   Epoch 153 / time 137.61950 / loss 0.001612738
08/31/2020 18:54:04 - INFO - main.py -   Epoch 154 / time 137.69689 / loss 0.001611580
08/31/2020 18:56:22 - INFO - main.py -   Epoch 155 / time 137.61121 / loss 0.001621175
08/31/2020 18:58:40 - INFO - main.py -   Epoch 156 / time 138.01039 / loss 0.001614588
08/31/2020 19:00:58 - INFO - main.py -   Epoch 157 / time 137.77694 / loss 0.001622543
08/31/2020 19:03:16 - INFO - main.py -   Epoch 158 / time 137.90679 / loss 0.001614845
08/31/2020 19:05:34 - INFO - main.py -   Epoch 159 / time 138.11132 / loss 0.001615447
08/31/2020 19:07:52 - INFO - main.py -   Epoch 160 / time 137.93612 / loss 0.001625908
08/31/2020 19:07:52 - INFO - main.py -   Validation:
08/31/2020 19:07:52 - INFO - main.py -   Number of data points: 35070
08/31/2020 19:09:05 - INFO - main.py -   Hits @10: 0.44550898203592815
08/31/2020 19:09:05 - INFO - main.py -   Hits @3: 0.3157684630738523
08/31/2020 19:09:05 - INFO - main.py -   Hits @1: 0.21157684630738524
08/31/2020 19:09:05 - INFO - main.py -   Mean rank: 264.9343883661249
08/31/2020 19:09:05 - INFO - main.py -   Mean reciprocal rank: 0.29014101298808787
08/31/2020 19:11:23 - INFO - main.py -   Epoch 161 / time 138.04759 / loss 0.001644356
08/31/2020 19:13:41 - INFO - main.py -   Epoch 162 / time 138.06023 / loss 0.001612533
08/31/2020 19:16:00 - INFO - main.py -   Epoch 163 / time 138.64339 / loss 0.001640231
08/31/2020 19:18:19 - INFO - main.py -   Epoch 164 / time 138.68881 / loss 0.001616238
08/31/2020 19:20:37 - INFO - main.py -   Epoch 165 / time 138.40874 / loss 0.001614803
08/31/2020 19:22:55 - INFO - main.py -   Epoch 166 / time 137.55025 / loss 0.001613172
08/31/2020 19:25:13 - INFO - main.py -   Epoch 167 / time 138.09555 / loss 0.001621789
08/31/2020 19:27:31 - INFO - main.py -   Epoch 168 / time 137.87657 / loss 0.001621338
08/31/2020 19:29:49 - INFO - main.py -   Epoch 169 / time 138.24904 / loss 0.001604456
08/31/2020 19:32:17 - INFO - main.py -   Epoch 170 / time 148.02575 / loss 0.001618943
08/31/2020 19:32:17 - INFO - main.py -   Validation:
08/31/2020 19:32:18 - INFO - main.py -   Number of data points: 35070
08/31/2020 19:33:31 - INFO - main.py -   Hits @10: 0.45486170516110636
08/31/2020 19:33:31 - INFO - main.py -   Hits @3: 0.3241231822070145
08/31/2020 19:33:31 - INFO - main.py -   Hits @1: 0.21850584545195323
08/31/2020 19:33:31 - INFO - main.py -   Mean rank: 237.49275734245794
08/31/2020 19:33:31 - INFO - main.py -   Mean reciprocal rank: 0.29774559510289655
08/31/2020 19:35:49 - INFO - main.py -   Epoch 171 / time 137.90987 / loss 0.001611165
08/31/2020 19:38:07 - INFO - main.py -   Epoch 172 / time 137.98092 / loss 0.001604319
08/31/2020 19:40:24 - INFO - main.py -   Epoch 173 / time 137.93535 / loss 0.001605625
08/31/2020 19:42:43 - INFO - main.py -   Epoch 174 / time 138.51788 / loss 0.001616631
08/31/2020 19:45:01 - INFO - main.py -   Epoch 175 / time 137.75168 / loss 0.001618078
08/31/2020 19:47:19 - INFO - main.py -   Epoch 176 / time 138.46245 / loss 0.001606584
08/31/2020 19:49:38 - INFO - main.py -   Epoch 177 / time 138.39932 / loss 0.001603026
08/31/2020 19:51:56 - INFO - main.py -   Epoch 178 / time 138.11669 / loss 0.001605582
08/31/2020 19:54:14 - INFO - main.py -   Epoch 179 / time 138.15545 / loss 0.001604814
08/31/2020 19:56:32 - INFO - main.py -   Epoch 180 / time 137.68121 / loss 0.001600144
08/31/2020 19:56:32 - INFO - main.py -   Validation:
08/31/2020 19:56:32 - INFO - main.py -   Number of data points: 35070
08/31/2020 19:57:45 - INFO - main.py -   Hits @10: 0.45543199315654403
08/31/2020 19:57:45 - INFO - main.py -   Hits @3: 0.32241231822070143
08/31/2020 19:57:45 - INFO - main.py -   Hits @1: 0.2164813230681494
08/31/2020 19:57:45 - INFO - main.py -   Mean rank: 232.21317365269462
08/31/2020 19:57:45 - INFO - main.py -   Mean reciprocal rank: 0.29662980254697857
08/31/2020 20:00:04 - INFO - main.py -   Epoch 181 / time 138.16568 / loss 0.001607720
08/31/2020 20:02:21 - INFO - main.py -   Epoch 182 / time 137.67263 / loss 0.001608787
08/31/2020 20:04:39 - INFO - main.py -   Epoch 183 / time 137.65450 / loss 0.001604781
08/31/2020 20:06:57 - INFO - main.py -   Epoch 184 / time 138.03313 / loss 0.001595524
08/31/2020 20:09:15 - INFO - main.py -   Epoch 185 / time 137.88877 / loss 0.001607080
08/31/2020 20:11:33 - INFO - main.py -   Epoch 186 / time 138.05630 / loss 0.001597281
08/31/2020 20:13:51 - INFO - main.py -   Epoch 187 / time 138.23025 / loss 0.001614181
08/31/2020 20:16:09 - INFO - main.py -   Epoch 188 / time 137.88172 / loss 0.001617867
08/31/2020 20:18:27 - INFO - main.py -   Epoch 189 / time 138.14167 / loss 0.001611912
08/31/2020 20:20:45 - INFO - main.py -   Epoch 190 / time 137.99570 / loss 0.001612304
08/31/2020 20:20:45 - INFO - main.py -   Validation:
08/31/2020 20:20:46 - INFO - main.py -   Number of data points: 35070
08/31/2020 20:21:59 - INFO - main.py -   Hits @10: 0.44904476760764184
08/31/2020 20:21:59 - INFO - main.py -   Hits @3: 0.31830624465355006
08/31/2020 20:21:59 - INFO - main.py -   Hits @1: 0.20986598232107215
08/31/2020 20:21:59 - INFO - main.py -   Mean rank: 271.46589677787284
08/31/2020 20:21:59 - INFO - main.py -   Mean reciprocal rank: 0.29098021533024987
08/31/2020 20:24:17 - INFO - main.py -   Epoch 191 / time 138.34169 / loss 0.001598626
08/31/2020 20:26:35 - INFO - main.py -   Epoch 192 / time 138.21049 / loss 0.001596556
08/31/2020 20:28:53 - INFO - main.py -   Epoch 193 / time 138.10680 / loss 0.001599351
08/31/2020 20:31:22 - INFO - main.py -   Epoch 194 / time 148.66685 / loss 0.001599440
08/31/2020 20:33:41 - INFO - main.py -   Epoch 195 / time 138.43280 / loss 0.001607185
08/31/2020 20:35:59 - INFO - main.py -   Epoch 196 / time 138.33096 / loss 0.001589749
08/31/2020 20:38:18 - INFO - main.py -   Epoch 197 / time 138.64025 / loss 0.001598741
08/31/2020 20:40:35 - INFO - main.py -   Epoch 198 / time 137.84223 / loss 0.001596115
08/31/2020 20:42:54 - INFO - main.py -   Epoch 199 / time 138.30457 / loss 0.001589000
08/31/2020 20:45:12 - INFO - main.py -   Epoch 200 / time 138.60248 / loss 0.001599839
08/31/2020 20:45:12 - INFO - main.py -   Validation:
08/31/2020 20:45:13 - INFO - main.py -   Number of data points: 35070
08/31/2020 20:46:26 - INFO - main.py -   Hits @10: 0.46104932991160535
08/31/2020 20:46:26 - INFO - main.py -   Hits @3: 0.32757342457941263
08/31/2020 20:46:26 - INFO - main.py -   Hits @1: 0.21770744225834046
08/31/2020 20:46:26 - INFO - main.py -   Mean rank: 230.55278015397775
08/31/2020 20:46:26 - INFO - main.py -   Mean reciprocal rank: 0.2994500951325687
08/31/2020 20:48:44 - INFO - main.py -   Epoch 201 / time 137.95633 / loss 0.001615861
08/31/2020 20:51:02 - INFO - main.py -   Epoch 202 / time 138.02513 / loss 0.001601489
08/31/2020 20:53:20 - INFO - main.py -   Epoch 203 / time 137.82492 / loss 0.001589332
08/31/2020 20:55:37 - INFO - main.py -   Epoch 204 / time 137.94246 / loss 0.001596433
08/31/2020 20:57:55 - INFO - main.py -   Epoch 205 / time 137.95651 / loss 0.001591882
08/31/2020 21:00:13 - INFO - main.py -   Epoch 206 / time 137.64159 / loss 0.001595437
08/31/2020 21:02:31 - INFO - main.py -   Epoch 207 / time 138.15121 / loss 0.001594375
08/31/2020 21:04:49 - INFO - main.py -   Epoch 208 / time 137.70183 / loss 0.001593024
08/31/2020 21:07:07 - INFO - main.py -   Epoch 209 / time 138.14543 / loss 0.001587822
08/31/2020 21:09:26 - INFO - main.py -   Epoch 210 / time 138.55896 / loss 0.001589123
08/31/2020 21:09:26 - INFO - main.py -   Validation:
08/31/2020 21:09:26 - INFO - main.py -   Number of data points: 35070
08/31/2020 21:10:39 - INFO - main.py -   Hits @10: 0.455945252352438
08/31/2020 21:10:39 - INFO - main.py -   Hits @3: 0.32435129740518964
08/31/2020 21:10:39 - INFO - main.py -   Hits @1: 0.21653835186769319
08/31/2020 21:10:39 - INFO - main.py -   Mean rank: 235.9431993156544
08/31/2020 21:10:39 - INFO - main.py -   Mean reciprocal rank: 0.2972122812165429
08/31/2020 21:12:56 - INFO - main.py -   Epoch 211 / time 137.78127 / loss 0.001587601
08/31/2020 21:15:14 - INFO - main.py -   Epoch 212 / time 137.62611 / loss 0.001598136
08/31/2020 21:17:32 - INFO - main.py -   Epoch 213 / time 138.29857 / loss 0.001580744
08/31/2020 21:19:51 - INFO - main.py -   Epoch 214 / time 138.52538 / loss 0.001593230
08/31/2020 21:22:09 - INFO - main.py -   Epoch 215 / time 138.08066 / loss 0.001595593
08/31/2020 21:24:27 - INFO - main.py -   Epoch 216 / time 138.19808 / loss 0.001581731
08/31/2020 21:26:45 - INFO - main.py -   Epoch 217 / time 138.37050 / loss 0.001578134
08/31/2020 21:29:04 - INFO - main.py -   Epoch 218 / time 138.69141 / loss 0.001588606
08/31/2020 21:31:33 - INFO - main.py -   Epoch 219 / time 148.36491 / loss 0.001597951
08/31/2020 21:33:51 - INFO - main.py -   Epoch 220 / time 138.01553 / loss 0.001581911
08/31/2020 21:33:51 - INFO - main.py -   Validation:
08/31/2020 21:33:51 - INFO - main.py -   Number of data points: 35070
08/31/2020 21:35:04 - INFO - main.py -   Hits @10: 0.4615625891074993
08/31/2020 21:35:04 - INFO - main.py -   Hits @3: 0.3287425149700599
08/31/2020 21:35:04 - INFO - main.py -   Hits @1: 0.22209865982321073
08/31/2020 21:35:04 - INFO - main.py -   Mean rank: 219.03470202452237
08/31/2020 21:35:04 - INFO - main.py -   Mean reciprocal rank: 0.30233226050410716
08/31/2020 21:37:23 - INFO - main.py -   Epoch 221 / time 138.50906 / loss 0.001580981
08/31/2020 21:39:41 - INFO - main.py -   Epoch 222 / time 138.14901 / loss 0.001578427
08/31/2020 21:41:59 - INFO - main.py -   Epoch 223 / time 138.09762 / loss 0.001588596
08/31/2020 21:44:18 - INFO - main.py -   Epoch 224 / time 138.71809 / loss 0.001588295
08/31/2020 21:46:36 - INFO - main.py -   Epoch 225 / time 137.94393 / loss 0.001597313
08/31/2020 21:48:54 - INFO - main.py -   Epoch 226 / time 138.41802 / loss 0.001586036
08/31/2020 21:51:13 - INFO - main.py -   Epoch 227 / time 138.61025 / loss 0.001570848
08/31/2020 21:53:31 - INFO - main.py -   Epoch 228 / time 138.32082 / loss 0.001595455
08/31/2020 21:55:49 - INFO - main.py -   Epoch 229 / time 138.25171 / loss 0.001574111
08/31/2020 21:58:08 - INFO - main.py -   Epoch 230 / time 138.55581 / loss 0.001574047
08/31/2020 21:58:08 - INFO - main.py -   Validation:
08/31/2020 21:58:09 - INFO - main.py -   Number of data points: 35070
08/31/2020 21:59:23 - INFO - main.py -   Hits @10: 0.4624465355004277
08/31/2020 21:59:23 - INFO - main.py -   Hits @3: 0.3289136013686912
08/31/2020 21:59:23 - INFO - main.py -   Hits @1: 0.22144282862845738
08/31/2020 21:59:23 - INFO - main.py -   Mean rank: 264.68323353293414
08/31/2020 21:59:23 - INFO - main.py -   Mean reciprocal rank: 0.3021002978736505
08/31/2020 22:01:42 - INFO - main.py -   Epoch 231 / time 138.78282 / loss 0.001587827
08/31/2020 22:04:00 - INFO - main.py -   Epoch 232 / time 138.05774 / loss 0.001573777
08/31/2020 22:06:18 - INFO - main.py -   Epoch 233 / time 138.68777 / loss 0.001566493
08/31/2020 22:08:37 - INFO - main.py -   Epoch 234 / time 138.73022 / loss 0.001573997
08/31/2020 22:10:56 - INFO - main.py -   Epoch 235 / time 138.65409 / loss 0.001582201
08/31/2020 22:13:14 - INFO - main.py -   Epoch 236 / time 138.67597 / loss 0.001581843
08/31/2020 22:15:33 - INFO - main.py -   Epoch 237 / time 138.64560 / loss 0.001575445
08/31/2020 22:17:52 - INFO - main.py -   Epoch 238 / time 138.94524 / loss 0.001566958
08/31/2020 22:20:11 - INFO - main.py -   Epoch 239 / time 138.99344 / loss 0.001569485
08/31/2020 22:22:29 - INFO - main.py -   Epoch 240 / time 138.34660 / loss 0.001574826
08/31/2020 22:22:29 - INFO - main.py -   Validation:
08/31/2020 22:22:30 - INFO - main.py -   Number of data points: 35070
08/31/2020 22:23:43 - INFO - main.py -   Hits @10: 0.4660393498716852
08/31/2020 22:23:43 - INFO - main.py -   Hits @3: 0.3317080125463359
08/31/2020 22:23:43 - INFO - main.py -   Hits @1: 0.22509267179925863
08/31/2020 22:23:43 - INFO - main.py -   Mean rank: 214.7432848588537
08/31/2020 22:23:43 - INFO - main.py -   Mean reciprocal rank: 0.30572658517188783
08/31/2020 22:26:01 - INFO - main.py -   Epoch 241 / time 138.68662 / loss 0.001565866
08/31/2020 22:28:20 - INFO - main.py -   Epoch 242 / time 139.02745 / loss 0.001592803
08/31/2020 22:30:50 - INFO - main.py -   Epoch 243 / time 149.67883 / loss 0.001572821
08/31/2020 22:33:09 - INFO - main.py -   Epoch 244 / time 138.85118 / loss 0.001577706
08/31/2020 22:35:28 - INFO - main.py -   Epoch 245 / time 139.45286 / loss 0.001572424
08/31/2020 22:37:47 - INFO - main.py -   Epoch 246 / time 138.30961 / loss 0.001574921
08/31/2020 22:40:05 - INFO - main.py -   Epoch 247 / time 138.60320 / loss 0.001572350
08/31/2020 22:42:24 - INFO - main.py -   Epoch 248 / time 138.69996 / loss 0.001594726
08/31/2020 22:44:43 - INFO - main.py -   Epoch 249 / time 139.26706 / loss 0.001562507
08/31/2020 22:47:02 - INFO - main.py -   Epoch 250 / time 138.43606 / loss 0.001578954
08/31/2020 22:47:02 - INFO - main.py -   Validation:
08/31/2020 22:47:02 - INFO - main.py -   Number of data points: 35070
08/31/2020 22:48:16 - INFO - main.py -   Hits @10: 0.4695751354433989
08/31/2020 22:48:16 - INFO - main.py -   Hits @3: 0.33532934131736525
08/31/2020 22:48:16 - INFO - main.py -   Hits @1: 0.2262617621899059
08/31/2020 22:48:16 - INFO - main.py -   Mean rank: 219.71382948388936
08/31/2020 22:48:16 - INFO - main.py -   Mean reciprocal rank: 0.3077899527581285
08/31/2020 22:50:35 - INFO - main.py -   Epoch 251 / time 139.03834 / loss 0.001573338
08/31/2020 22:52:54 - INFO - main.py -   Epoch 252 / time 139.31798 / loss 0.001591564
08/31/2020 22:55:13 - INFO - main.py -   Epoch 253 / time 138.81494 / loss 0.001564147
08/31/2020 22:57:31 - INFO - main.py -   Epoch 254 / time 138.63923 / loss 0.001567093
08/31/2020 22:59:50 - INFO - main.py -   Epoch 255 / time 138.81867 / loss 0.001570494
08/31/2020 23:02:09 - INFO - main.py -   Epoch 256 / time 138.88134 / loss 0.001565254
08/31/2020 23:04:28 - INFO - main.py -   Epoch 257 / time 138.58158 / loss 0.001582150
08/31/2020 23:06:46 - INFO - main.py -   Epoch 258 / time 138.80231 / loss 0.001565777
08/31/2020 23:09:06 - INFO - main.py -   Epoch 259 / time 139.13026 / loss 0.001566327
08/31/2020 23:11:25 - INFO - main.py -   Epoch 260 / time 138.93120 / loss 0.001573791
08/31/2020 23:11:25 - INFO - main.py -   Validation:
08/31/2020 23:11:25 - INFO - main.py -   Number of data points: 35070
08/31/2020 23:12:38 - INFO - main.py -   Hits @10: 0.4685201026518392
08/31/2020 23:12:38 - INFO - main.py -   Hits @3: 0.3341317365269461
08/31/2020 23:12:38 - INFO - main.py -   Hits @1: 0.22466495580268037
08/31/2020 23:12:38 - INFO - main.py -   Mean rank: 217.45979469632164
08/31/2020 23:12:38 - INFO - main.py -   Mean reciprocal rank: 0.3060885819921813
08/31/2020 23:14:57 - INFO - main.py -   Epoch 261 / time 138.79791 / loss 0.001574617
08/31/2020 23:17:15 - INFO - main.py -   Epoch 262 / time 138.35099 / loss 0.001574435
08/31/2020 23:19:34 - INFO - main.py -   Epoch 263 / time 138.68387 / loss 0.001565355
08/31/2020 23:21:53 - INFO - main.py -   Epoch 264 / time 139.01746 / loss 0.001586891
08/31/2020 23:24:12 - INFO - main.py -   Epoch 265 / time 138.71346 / loss 0.001556721
08/31/2020 23:26:31 - INFO - main.py -   Epoch 266 / time 139.02696 / loss 0.001563488
08/31/2020 23:28:49 - INFO - main.py -   Epoch 267 / time 138.81850 / loss 0.001573136
08/31/2020 23:31:19 - INFO - main.py -   Epoch 268 / time 149.19339 / loss 0.001558493
08/31/2020 23:33:38 - INFO - main.py -   Epoch 269 / time 139.03897 / loss 0.001577018
08/31/2020 23:35:56 - INFO - main.py -   Epoch 270 / time 138.84283 / loss 0.001563956
08/31/2020 23:35:56 - INFO - main.py -   Validation:
08/31/2020 23:35:57 - INFO - main.py -   Number of data points: 35070
08/31/2020 23:37:10 - INFO - main.py -   Hits @10: 0.47171371542629026
08/31/2020 23:37:10 - INFO - main.py -   Hits @3: 0.33686911890504706
08/31/2020 23:37:10 - INFO - main.py -   Hits @1: 0.22557741659538066
08/31/2020 23:37:10 - INFO - main.py -   Mean rank: 217.7607356715141
08/31/2020 23:37:10 - INFO - main.py -   Mean reciprocal rank: 0.30863281208395626
08/31/2020 23:39:29 - INFO - main.py -   Epoch 271 / time 139.07097 / loss 0.001564682
08/31/2020 23:41:48 - INFO - main.py -   Epoch 272 / time 138.50998 / loss 0.001570278
08/31/2020 23:44:07 - INFO - main.py -   Epoch 273 / time 139.11963 / loss 0.001554629
08/31/2020 23:46:25 - INFO - main.py -   Epoch 274 / time 138.42397 / loss 0.001569305
08/31/2020 23:48:44 - INFO - main.py -   Epoch 275 / time 138.82804 / loss 0.001563785
08/31/2020 23:51:03 - INFO - main.py -   Epoch 276 / time 139.14180 / loss 0.001578976
08/31/2020 23:53:22 - INFO - main.py -   Epoch 277 / time 138.79872 / loss 0.001569919
08/31/2020 23:55:41 - INFO - main.py -   Epoch 278 / time 139.17680 / loss 0.001555994
08/31/2020 23:58:01 - INFO - main.py -   Epoch 279 / time 139.20098 / loss 0.001557893
09/01/2020 00:00:19 - INFO - main.py -   Epoch 280 / time 138.67182 / loss 0.001557477
09/01/2020 00:00:19 - INFO - main.py -   Validation:
09/01/2020 00:00:20 - INFO - main.py -   Number of data points: 35070
09/01/2020 00:01:33 - INFO - main.py -   Hits @10: 0.47567721699458226
09/01/2020 00:01:33 - INFO - main.py -   Hits @3: 0.33812375249501
09/01/2020 00:01:33 - INFO - main.py -   Hits @1: 0.22674650698602794
09/01/2020 00:01:33 - INFO - main.py -   Mean rank: 211.29175933846594
09/01/2020 00:01:33 - INFO - main.py -   Mean reciprocal rank: 0.30983144047677463
09/01/2020 00:03:52 - INFO - main.py -   Epoch 281 / time 139.12892 / loss 0.001571787
09/01/2020 00:06:11 - INFO - main.py -   Epoch 282 / time 139.06736 / loss 0.001559207
09/01/2020 00:08:30 - INFO - main.py -   Epoch 283 / time 138.78085 / loss 0.001567933
09/01/2020 00:10:49 - INFO - main.py -   Epoch 284 / time 138.99672 / loss 0.001564886
09/01/2020 00:13:25 - INFO - main.py -   Epoch 285 / time 155.89183 / loss 0.001558212
09/01/2020 00:15:46 - INFO - main.py -   Epoch 286 / time 141.32731 / loss 0.001556863
09/01/2020 00:18:07 - INFO - main.py -   Epoch 287 / time 141.01983 / loss 0.001547291
09/01/2020 00:20:27 - INFO - main.py -   Epoch 288 / time 139.59208 / loss 0.001573876
09/01/2020 00:22:46 - INFO - main.py -   Epoch 289 / time 138.87300 / loss 0.001548783
09/01/2020 00:25:05 - INFO - main.py -   Epoch 290 / time 139.17045 / loss 0.001553064
09/01/2020 00:25:05 - INFO - main.py -   Validation:
09/01/2020 00:25:06 - INFO - main.py -   Number of data points: 35070
09/01/2020 00:26:19 - INFO - main.py -   Hits @10: 0.474251497005988
09/01/2020 00:26:19 - INFO - main.py -   Hits @3: 0.337867122897063
09/01/2020 00:26:19 - INFO - main.py -   Hits @1: 0.2260621613915027
09/01/2020 00:26:19 - INFO - main.py -   Mean rank: 211.80424864556602
09/01/2020 00:26:19 - INFO - main.py -   Mean reciprocal rank: 0.30928252046050664
09/01/2020 00:28:38 - INFO - main.py -   Epoch 291 / time 138.99158 / loss 0.001561434
09/01/2020 00:31:07 - INFO - main.py -   Epoch 292 / time 149.06514 / loss 0.001551119
09/01/2020 00:33:26 - INFO - main.py -   Epoch 293 / time 139.07122 / loss 0.001557032
09/01/2020 00:35:45 - INFO - main.py -   Epoch 294 / time 139.14089 / loss 0.001563132
09/01/2020 00:38:04 - INFO - main.py -   Epoch 295 / time 139.07084 / loss 0.001552778
09/01/2020 00:40:23 - INFO - main.py -   Epoch 296 / time 139.02744 / loss 0.001557038
09/01/2020 00:42:43 - INFO - main.py -   Epoch 297 / time 139.08271 / loss 0.001549735
09/01/2020 00:45:02 - INFO - main.py -   Epoch 298 / time 139.13347 / loss 0.001553514
09/01/2020 00:47:21 - INFO - main.py -   Epoch 299 / time 139.47156 / loss 0.001553048
09/01/2020 00:49:41 - INFO - main.py -   Epoch 300 / time 139.45750 / loss 0.001564590
09/01/2020 00:49:41 - INFO - main.py -   Validation:
09/01/2020 00:49:41 - INFO - main.py -   Number of data points: 35070
09/01/2020 00:50:54 - INFO - main.py -   Hits @10: 0.4759623609923011
09/01/2020 00:50:54 - INFO - main.py -   Hits @3: 0.3365839749073282
09/01/2020 00:50:54 - INFO - main.py -   Hits @1: 0.2264328485885372
09/01/2020 00:50:54 - INFO - main.py -   Mean rank: 204.7167379526661
09/01/2020 00:50:54 - INFO - main.py -   Mean reciprocal rank: 0.30941248833309376
09/01/2020 00:53:14 - INFO - main.py -   Epoch 301 / time 139.28972 / loss 0.001549989
09/01/2020 00:55:32 - INFO - main.py -   Epoch 302 / time 138.51309 / loss 0.001550562
09/01/2020 00:57:51 - INFO - main.py -   Epoch 303 / time 139.25751 / loss 0.001563948
09/01/2020 01:00:10 - INFO - main.py -   Epoch 304 / time 138.95340 / loss 0.001570810
09/01/2020 01:02:29 - INFO - main.py -   Epoch 305 / time 139.05935 / loss 0.001557071
09/01/2020 01:04:49 - INFO - main.py -   Epoch 306 / time 139.50028 / loss 0.001552796
09/01/2020 01:07:24 - INFO - main.py -   Epoch 307 / time 154.78575 / loss 0.001542613
09/01/2020 01:09:43 - INFO - main.py -   Epoch 308 / time 139.27451 / loss 0.001556406
09/01/2020 01:12:02 - INFO - main.py -   Epoch 309 / time 139.21582 / loss 0.001560868
09/01/2020 01:14:21 - INFO - main.py -   Epoch 310 / time 138.57006 / loss 0.001548333
09/01/2020 01:14:21 - INFO - main.py -   Validation:
09/01/2020 01:14:21 - INFO - main.py -   Number of data points: 35070
09/01/2020 01:15:34 - INFO - main.py -   Hits @10: 0.47573424579412604
09/01/2020 01:15:34 - INFO - main.py -   Hits @3: 0.33949244368406045
09/01/2020 01:15:34 - INFO - main.py -   Hits @1: 0.2285143997718848
09/01/2020 01:15:34 - INFO - main.py -   Mean rank: 207.6303108069575
09/01/2020 01:15:34 - INFO - main.py -   Mean reciprocal rank: 0.3115558985824968
09/01/2020 01:17:54 - INFO - main.py -   Epoch 311 / time 139.48759 / loss 0.001561245
09/01/2020 01:20:13 - INFO - main.py -   Epoch 312 / time 138.97966 / loss 0.001561568
09/01/2020 01:22:32 - INFO - main.py -   Epoch 313 / time 138.85707 / loss 0.001548142
09/01/2020 01:24:50 - INFO - main.py -   Epoch 314 / time 138.14790 / loss 0.001561163
09/01/2020 01:27:09 - INFO - main.py -   Epoch 315 / time 139.01435 / loss 0.001540726
09/01/2020 01:29:28 - INFO - main.py -   Epoch 316 / time 138.76013 / loss 0.001555063
09/01/2020 01:31:57 - INFO - main.py -   Epoch 317 / time 149.39917 / loss 0.001561453
09/01/2020 01:34:16 - INFO - main.py -   Epoch 318 / time 139.47729 / loss 0.001548918
09/01/2020 01:36:35 - INFO - main.py -   Epoch 319 / time 139.05701 / loss 0.001545723
09/01/2020 01:38:55 - INFO - main.py -   Epoch 320 / time 139.16920 / loss 0.001544051
09/01/2020 01:38:55 - INFO - main.py -   Validation:
09/01/2020 01:38:55 - INFO - main.py -   Number of data points: 35070
09/01/2020 01:40:08 - INFO - main.py -   Hits @10: 0.47929854576561165
09/01/2020 01:40:08 - INFO - main.py -   Hits @3: 0.34342743085258054
09/01/2020 01:40:08 - INFO - main.py -   Hits @1: 0.23053892215568864
09/01/2020 01:40:08 - INFO - main.py -   Mean rank: 203.93564299971484
09/01/2020 01:40:08 - INFO - main.py -   Mean reciprocal rank: 0.31433307830448254
09/01/2020 01:42:27 - INFO - main.py -   Epoch 321 / time 138.75934 / loss 0.001545264
09/01/2020 01:44:46 - INFO - main.py -   Epoch 322 / time 138.98824 / loss 0.001546642
09/01/2020 01:47:05 - INFO - main.py -   Epoch 323 / time 139.31845 / loss 0.001543509
09/01/2020 01:49:25 - INFO - main.py -   Epoch 324 / time 139.34788 / loss 0.001555359
09/01/2020 01:51:44 - INFO - main.py -   Epoch 325 / time 139.11287 / loss 0.001541679
09/01/2020 01:54:03 - INFO - main.py -   Epoch 326 / time 139.12882 / loss 0.001550953
09/01/2020 01:56:23 - INFO - main.py -   Epoch 327 / time 139.47915 / loss 0.001555466
09/01/2020 01:58:42 - INFO - main.py -   Epoch 328 / time 139.88276 / loss 0.001549145
09/01/2020 02:01:02 - INFO - main.py -   Epoch 329 / time 139.97461 / loss 0.001547163
09/01/2020 02:03:21 - INFO - main.py -   Epoch 330 / time 138.98954 / loss 0.001536696
09/01/2020 02:03:21 - INFO - main.py -   Validation:
09/01/2020 02:03:22 - INFO - main.py -   Number of data points: 35070
09/01/2020 02:04:34 - INFO - main.py -   Hits @10: 0.4815796977473624
09/01/2020 02:04:34 - INFO - main.py -   Hits @3: 0.34462503564299973
09/01/2020 02:04:34 - INFO - main.py -   Hits @1: 0.23176504134587966
09/01/2020 02:04:34 - INFO - main.py -   Mean rank: 205.71762189905903
09/01/2020 02:04:34 - INFO - main.py -   Mean reciprocal rank: 0.31555127613904366
09/01/2020 02:06:57 - INFO - main.py -   Epoch 331 / time 142.34477 / loss 0.001540296
09/01/2020 02:09:18 - INFO - main.py -   Epoch 332 / time 141.47507 / loss 0.001539330
09/01/2020 02:11:40 - INFO - main.py -   Epoch 333 / time 141.61932 / loss 0.001543109
09/01/2020 02:14:02 - INFO - main.py -   Epoch 334 / time 141.93063 / loss 0.001565146
09/01/2020 02:16:23 - INFO - main.py -   Epoch 335 / time 141.43742 / loss 0.001544710
09/01/2020 02:18:45 - INFO - main.py -   Epoch 336 / time 141.49806 / loss 0.001538502
09/01/2020 02:21:04 - INFO - main.py -   Epoch 337 / time 139.35193 / loss 0.001545917
09/01/2020 02:23:23 - INFO - main.py -   Epoch 338 / time 139.12653 / loss 0.001538181
09/01/2020 02:25:43 - INFO - main.py -   Epoch 339 / time 139.22009 / loss 0.001548038
09/01/2020 02:28:02 - INFO - main.py -   Epoch 340 / time 139.00582 / loss 0.001544645
09/01/2020 02:28:02 - INFO - main.py -   Validation:
09/01/2020 02:28:02 - INFO - main.py -   Number of data points: 35070
09/01/2020 02:29:15 - INFO - main.py -   Hits @10: 0.4818078129455375
09/01/2020 02:29:15 - INFO - main.py -   Hits @3: 0.34342743085258054
09/01/2020 02:29:15 - INFO - main.py -   Hits @1: 0.23384659252922727
09/01/2020 02:29:15 - INFO - main.py -   Mean rank: 204.98511548331908
09/01/2020 02:29:15 - INFO - main.py -   Mean reciprocal rank: 0.316129083997451
09/01/2020 02:31:45 - INFO - main.py -   Epoch 341 / time 149.45966 / loss 0.001539287
09/01/2020 02:34:04 - INFO - main.py -   Epoch 342 / time 138.76179 / loss 0.001541937
09/01/2020 02:36:23 - INFO - main.py -   Epoch 343 / time 139.18727 / loss 0.001540211
09/01/2020 02:38:42 - INFO - main.py -   Epoch 344 / time 139.24732 / loss 0.001541614
09/01/2020 02:41:01 - INFO - main.py -   Epoch 345 / time 139.05374 / loss 0.001544695
09/01/2020 02:43:20 - INFO - main.py -   Epoch 346 / time 138.98800 / loss 0.001541764
09/01/2020 02:45:39 - INFO - main.py -   Epoch 347 / time 139.39394 / loss 0.001536646
09/01/2020 02:47:59 - INFO - main.py -   Epoch 348 / time 139.08872 / loss 0.001542766
09/01/2020 02:50:17 - INFO - main.py -   Epoch 349 / time 138.68688 / loss 0.001539272
09/01/2020 02:52:36 - INFO - main.py -   Epoch 350 / time 138.87234 / loss 0.001542540
09/01/2020 02:52:36 - INFO - main.py -   Validation:
09/01/2020 02:52:37 - INFO - main.py -   Number of data points: 35070
09/01/2020 02:53:49 - INFO - main.py -   Hits @10: 0.48257770173937836
09/01/2020 02:53:49 - INFO - main.py -   Hits @3: 0.3469632164242943
09/01/2020 02:53:49 - INFO - main.py -   Hits @1: 0.2332192757342458
09/01/2020 02:53:49 - INFO - main.py -   Mean rank: 203.12865697177074
09/01/2020 02:53:49 - INFO - main.py -   Mean reciprocal rank: 0.31718272150193744
09/01/2020 02:56:08 - INFO - main.py -   Epoch 351 / time 139.18608 / loss 0.001537308
09/01/2020 02:58:28 - INFO - main.py -   Epoch 352 / time 139.29619 / loss 0.001543944
09/01/2020 03:00:47 - INFO - main.py -   Epoch 353 / time 139.29489 / loss 0.001526020
09/01/2020 03:03:07 - INFO - main.py -   Epoch 354 / time 139.63184 / loss 0.001530401
09/01/2020 03:05:26 - INFO - main.py -   Epoch 355 / time 139.47230 / loss 0.001525388
09/01/2020 03:07:45 - INFO - main.py -   Epoch 356 / time 139.17284 / loss 0.001528090
09/01/2020 03:10:05 - INFO - main.py -   Epoch 357 / time 139.22407 / loss 0.001525956
09/01/2020 03:12:24 - INFO - main.py -   Epoch 358 / time 139.14054 / loss 0.001535843
09/01/2020 03:14:43 - INFO - main.py -   Epoch 359 / time 139.36604 / loss 0.001548120
09/01/2020 03:17:03 - INFO - main.py -   Epoch 360 / time 139.58713 / loss 0.001528571
09/01/2020 03:17:03 - INFO - main.py -   Validation:
09/01/2020 03:17:03 - INFO - main.py -   Number of data points: 35070
09/01/2020 03:18:17 - INFO - main.py -   Hits @10: 0.48448816652409465
09/01/2020 03:18:17 - INFO - main.py -   Hits @3: 0.34924436840604506
09/01/2020 03:18:17 - INFO - main.py -   Hits @1: 0.23461648132306814
09/01/2020 03:18:17 - INFO - main.py -   Mean rank: 198.80327915597377
09/01/2020 03:18:17 - INFO - main.py -   Mean reciprocal rank: 0.31893008601978695
09/01/2020 03:20:37 - INFO - main.py -   Epoch 361 / time 139.88290 / loss 0.001536357
09/01/2020 03:22:56 - INFO - main.py -   Epoch 362 / time 139.74451 / loss 0.001531816
09/01/2020 03:25:16 - INFO - main.py -   Epoch 363 / time 139.42749 / loss 0.001541631
09/01/2020 03:27:36 - INFO - main.py -   Epoch 364 / time 140.34478 / loss 0.001537014
09/01/2020 03:29:56 - INFO - main.py -   Epoch 365 / time 139.51151 / loss 0.001535806
09/01/2020 03:32:26 - INFO - main.py -   Epoch 366 / time 150.77518 / loss 0.001538039
09/01/2020 03:34:47 - INFO - main.py -   Epoch 367 / time 140.39993 / loss 0.001534276
09/01/2020 03:37:07 - INFO - main.py -   Epoch 368 / time 139.95854 / loss 0.001540874
09/01/2020 03:39:27 - INFO - main.py -   Epoch 369 / time 139.69616 / loss 0.001530234
09/01/2020 03:41:46 - INFO - main.py -   Epoch 370 / time 139.48127 / loss 0.001534177
09/01/2020 03:41:46 - INFO - main.py -   Validation:
09/01/2020 03:41:47 - INFO - main.py -   Number of data points: 35070
09/01/2020 03:42:59 - INFO - main.py -   Hits @10: 0.48263473053892214
09/01/2020 03:42:59 - INFO - main.py -   Hits @3: 0.3474764756201882
09/01/2020 03:42:59 - INFO - main.py -   Hits @1: 0.23273453093812374
09/01/2020 03:42:59 - INFO - main.py -   Mean rank: 211.29945822640434
09/01/2020 03:42:59 - INFO - main.py -   Mean reciprocal rank: 0.31703847710955846
09/01/2020 03:45:19 - INFO - main.py -   Epoch 371 / time 139.48865 / loss 0.001532686
09/01/2020 03:47:38 - INFO - main.py -   Epoch 372 / time 139.35351 / loss 0.001531299
09/01/2020 03:49:58 - INFO - main.py -   Epoch 373 / time 139.77208 / loss 0.001546092
09/01/2020 03:52:18 - INFO - main.py -   Epoch 374 / time 139.56587 / loss 0.001530193
09/01/2020 03:54:37 - INFO - main.py -   Epoch 375 / time 139.30558 / loss 0.001544429
09/01/2020 03:56:56 - INFO - main.py -   Epoch 376 / time 139.43521 / loss 0.001532367
09/01/2020 03:59:16 - INFO - main.py -   Epoch 377 / time 139.85013 / loss 0.001528688
09/01/2020 04:01:36 - INFO - main.py -   Epoch 378 / time 139.81159 / loss 0.001536255
09/01/2020 04:03:56 - INFO - main.py -   Epoch 379 / time 139.47526 / loss 0.001533495
09/01/2020 04:06:15 - INFO - main.py -   Epoch 380 / time 139.07501 / loss 0.001532800
09/01/2020 04:06:15 - INFO - main.py -   Validation:
09/01/2020 04:06:15 - INFO - main.py -   Number of data points: 35070
09/01/2020 04:07:29 - INFO - main.py -   Hits @10: 0.4853150841174793
09/01/2020 04:07:29 - INFO - main.py -   Hits @3: 0.3493869404049045
09/01/2020 04:07:29 - INFO - main.py -   Hits @1: 0.23424579412603364
09/01/2020 04:07:29 - INFO - main.py -   Mean rank: 204.2815511833476
09/01/2020 04:07:29 - INFO - main.py -   Mean reciprocal rank: 0.31875296285327204
09/01/2020 04:09:49 - INFO - main.py -   Epoch 381 / time 139.78957 / loss 0.001532924
09/01/2020 04:12:08 - INFO - main.py -   Epoch 382 / time 139.70618 / loss 0.001522772
09/01/2020 04:14:29 - INFO - main.py -   Epoch 383 / time 140.83520 / loss 0.001545456
09/01/2020 04:16:49 - INFO - main.py -   Epoch 384 / time 140.07352 / loss 0.001542083
09/01/2020 04:19:09 - INFO - main.py -   Epoch 385 / time 139.77991 / loss 0.001528206
09/01/2020 04:21:29 - INFO - main.py -   Epoch 386 / time 139.92242 / loss 0.001521020
09/01/2020 04:23:49 - INFO - main.py -   Epoch 387 / time 139.60905 / loss 0.001548301
09/01/2020 04:26:08 - INFO - main.py -   Epoch 388 / time 139.55085 / loss 0.001541213
09/01/2020 04:28:28 - INFO - main.py -   Epoch 389 / time 139.93465 / loss 0.001531749
09/01/2020 04:30:58 - INFO - main.py -   Epoch 390 / time 149.91090 / loss 0.001533919
09/01/2020 04:30:58 - INFO - main.py -   Validation:
09/01/2020 04:30:59 - INFO - main.py -   Number of data points: 35070
09/01/2020 04:32:11 - INFO - main.py -   Hits @10: 0.48545765611633873
09/01/2020 04:32:11 - INFO - main.py -   Hits @3: 0.348274878813801
09/01/2020 04:32:11 - INFO - main.py -   Hits @1: 0.2337325349301397
09/01/2020 04:32:11 - INFO - main.py -   Mean rank: 205.74183062446536
09/01/2020 04:32:11 - INFO - main.py -   Mean reciprocal rank: 0.31802268141986195
09/01/2020 04:34:30 - INFO - main.py -   Epoch 391 / time 138.99384 / loss 0.001535339
09/01/2020 04:36:50 - INFO - main.py -   Epoch 392 / time 139.93256 / loss 0.001530127
09/01/2020 04:39:10 - INFO - main.py -   Epoch 393 / time 139.62942 / loss 0.001531549
09/01/2020 04:41:30 - INFO - main.py -   Epoch 394 / time 139.75856 / loss 0.001530302
09/01/2020 04:43:50 - INFO - main.py -   Epoch 395 / time 140.21175 / loss 0.001537890
09/01/2020 04:46:10 - INFO - main.py -   Epoch 396 / time 139.60881 / loss 0.001528213
09/01/2020 04:48:29 - INFO - main.py -   Epoch 397 / time 139.65575 / loss 0.001526509
09/01/2020 04:50:49 - INFO - main.py -   Epoch 398 / time 139.33898 / loss 0.001526296
09/01/2020 04:53:08 - INFO - main.py -   Epoch 399 / time 139.54374 / loss 0.001532009
09/01/2020 04:55:28 - INFO - main.py -   Epoch 400 / time 139.47473 / loss 0.001534277
09/01/2020 04:55:28 - INFO - main.py -   Validation:
09/01/2020 04:55:28 - INFO - main.py -   Number of data points: 35070
09/01/2020 04:56:42 - INFO - main.py -   Hits @10: 0.48522954091816367
09/01/2020 04:56:42 - INFO - main.py -   Hits @3: 0.3476760764185914
09/01/2020 04:56:42 - INFO - main.py -   Hits @1: 0.23512974051896207
09/01/2020 04:56:42 - INFO - main.py -   Mean rank: 197.84961505560307
09/01/2020 04:56:42 - INFO - main.py -   Mean reciprocal rank: 0.3190199201364937
09/01/2020 04:59:02 - INFO - main.py -   Epoch 401 / time 140.28579 / loss 0.001525223
09/01/2020 05:01:23 - INFO - main.py -   Epoch 402 / time 140.77137 / loss 0.001528594
09/01/2020 05:03:44 - INFO - main.py -   Epoch 403 / time 141.03890 / loss 0.001524362
09/01/2020 05:06:05 - INFO - main.py -   Epoch 404 / time 140.97109 / loss 0.001520459
09/01/2020 05:08:26 - INFO - main.py -   Epoch 405 / time 140.53106 / loss 0.001532106
09/01/2020 05:10:46 - INFO - main.py -   Epoch 406 / time 140.56380 / loss 0.001528148
09/01/2020 05:13:06 - INFO - main.py -   Epoch 407 / time 140.04897 / loss 0.001520245
09/01/2020 05:15:26 - INFO - main.py -   Epoch 408 / time 139.80549 / loss 0.001528704
09/01/2020 05:17:46 - INFO - main.py -   Epoch 409 / time 139.98662 / loss 0.001523082
09/01/2020 05:20:06 - INFO - main.py -   Epoch 410 / time 140.21637 / loss 0.001529332
09/01/2020 05:20:06 - INFO - main.py -   Validation:
09/01/2020 05:20:07 - INFO - main.py -   Number of data points: 35070
09/01/2020 05:21:20 - INFO - main.py -   Hits @10: 0.4893071000855432
09/01/2020 05:21:20 - INFO - main.py -   Hits @3: 0.35072711719418304
09/01/2020 05:21:20 - INFO - main.py -   Hits @1: 0.23430282292557741
09/01/2020 05:21:20 - INFO - main.py -   Mean rank: 197.58200741374395
09/01/2020 05:21:20 - INFO - main.py -   Mean reciprocal rank: 0.3200055608641483
09/01/2020 05:23:40 - INFO - main.py -   Epoch 411 / time 140.11246 / loss 0.001519152
09/01/2020 05:26:00 - INFO - main.py -   Epoch 412 / time 139.67352 / loss 0.001520332
09/01/2020 05:28:20 - INFO - main.py -   Epoch 413 / time 140.00659 / loss 0.001521670
09/01/2020 05:30:50 - INFO - main.py -   Epoch 414 / time 149.87763 / loss 0.001540248
09/01/2020 05:33:10 - INFO - main.py -   Epoch 415 / time 139.86994 / loss 0.001517878
09/01/2020 05:35:31 - INFO - main.py -   Epoch 416 / time 140.67032 / loss 0.001521222
09/01/2020 05:37:51 - INFO - main.py -   Epoch 417 / time 140.43876 / loss 0.001546454
09/01/2020 05:40:11 - INFO - main.py -   Epoch 418 / time 140.21915 / loss 0.001515704
09/01/2020 05:42:31 - INFO - main.py -   Epoch 419 / time 139.76794 / loss 0.001516834
09/01/2020 05:44:52 - INFO - main.py -   Epoch 420 / time 140.95785 / loss 0.001522826
09/01/2020 05:44:52 - INFO - main.py -   Validation:
09/01/2020 05:44:53 - INFO - main.py -   Number of data points: 35070
09/01/2020 05:46:05 - INFO - main.py -   Hits @10: 0.48508696891930425
09/01/2020 05:46:05 - INFO - main.py -   Hits @3: 0.34944396920444826
09/01/2020 05:46:05 - INFO - main.py -   Hits @1: 0.23515825491873396
09/01/2020 05:46:05 - INFO - main.py -   Mean rank: 201.0447390932421
09/01/2020 05:46:05 - INFO - main.py -   Mean reciprocal rank: 0.31905044891144824
09/01/2020 05:48:26 - INFO - main.py -   Epoch 421 / time 140.14128 / loss 0.001530100
09/01/2020 05:50:46 - INFO - main.py -   Epoch 422 / time 140.29020 / loss 0.001525954
09/01/2020 05:53:06 - INFO - main.py -   Epoch 423 / time 140.03261 / loss 0.001515545
09/01/2020 05:55:26 - INFO - main.py -   Epoch 424 / time 139.89933 / loss 0.001533588
09/01/2020 05:57:46 - INFO - main.py -   Epoch 425 / time 140.37075 / loss 0.001524354
09/01/2020 06:00:06 - INFO - main.py -   Epoch 426 / time 139.75913 / loss 0.001525084
09/01/2020 06:02:26 - INFO - main.py -   Epoch 427 / time 139.65962 / loss 0.001521507
09/01/2020 06:04:45 - INFO - main.py -   Epoch 428 / time 139.89266 / loss 0.001519379
09/01/2020 06:07:06 - INFO - main.py -   Epoch 429 / time 140.32302 / loss 0.001516260
09/01/2020 06:09:26 - INFO - main.py -   Epoch 430 / time 140.40038 / loss 0.001524647
09/01/2020 06:09:26 - INFO - main.py -   Validation:
09/01/2020 06:09:27 - INFO - main.py -   Number of data points: 35070
09/01/2020 06:10:41 - INFO - main.py -   Hits @10: 0.469803250641574
09/01/2020 06:10:41 - INFO - main.py -   Hits @3: 0.3348445965212432
09/01/2020 06:10:41 - INFO - main.py -   Hits @1: 0.2215568862275449
09/01/2020 06:10:41 - INFO - main.py -   Mean rank: 246.47964071856288
09/01/2020 06:10:41 - INFO - main.py -   Mean reciprocal rank: 0.3051799870025473
09/01/2020 06:13:01 - INFO - main.py -   Epoch 431 / time 139.96294 / loss 0.001533762
09/01/2020 06:15:21 - INFO - main.py -   Epoch 432 / time 140.45843 / loss 0.001523998
09/01/2020 06:17:42 - INFO - main.py -   Epoch 433 / time 140.98763 / loss 0.001535185
09/01/2020 06:20:03 - INFO - main.py -   Epoch 434 / time 140.38992 / loss 0.001515869
09/01/2020 06:22:23 - INFO - main.py -   Epoch 435 / time 140.05976 / loss 0.001517899
09/01/2020 06:24:43 - INFO - main.py -   Epoch 436 / time 140.18546 / loss 0.001520287
09/01/2020 06:27:03 - INFO - main.py -   Epoch 437 / time 140.51035 / loss 0.001517976
09/01/2020 06:29:24 - INFO - main.py -   Epoch 438 / time 140.46676 / loss 0.001518221
09/01/2020 06:31:56 - INFO - main.py -   Epoch 439 / time 151.96399 / loss 0.001517627
09/01/2020 06:34:16 - INFO - main.py -   Epoch 440 / time 140.36712 / loss 0.001531484
09/01/2020 06:34:16 - INFO - main.py -   Validation:
09/01/2020 06:34:17 - INFO - main.py -   Number of data points: 35070
09/01/2020 06:35:30 - INFO - main.py -   Hits @10: 0.4880239520958084
09/01/2020 06:35:30 - INFO - main.py -   Hits @3: 0.35161106358711147
09/01/2020 06:35:30 - INFO - main.py -   Hits @1: 0.2356144853150841
09/01/2020 06:35:30 - INFO - main.py -   Mean rank: 191.21730824066154
09/01/2020 06:35:30 - INFO - main.py -   Mean reciprocal rank: 0.3209212470201788
09/01/2020 06:37:51 - INFO - main.py -   Epoch 441 / time 140.76296 / loss 0.001528216
09/01/2020 06:40:12 - INFO - main.py -   Epoch 442 / time 140.20112 / loss 0.001516219
09/01/2020 06:42:32 - INFO - main.py -   Epoch 443 / time 140.10754 / loss 0.001527978
09/01/2020 06:44:52 - INFO - main.py -   Epoch 444 / time 140.30403 / loss 0.001528287
09/01/2020 06:47:12 - INFO - main.py -   Epoch 445 / time 140.18282 / loss 0.001511729
09/01/2020 06:49:33 - INFO - main.py -   Epoch 446 / time 140.62563 / loss 0.001514493
09/01/2020 06:51:53 - INFO - main.py -   Epoch 447 / time 140.23111 / loss 0.001523409
09/01/2020 06:54:13 - INFO - main.py -   Epoch 448 / time 139.72307 / loss 0.001522958
09/01/2020 06:56:33 - INFO - main.py -   Epoch 449 / time 140.38779 / loss 0.001518268
09/01/2020 06:58:53 - INFO - main.py -   Epoch 450 / time 140.24382 / loss 0.001526974
09/01/2020 06:58:53 - INFO - main.py -   Validation:
09/01/2020 06:58:54 - INFO - main.py -   Number of data points: 35070
09/01/2020 07:00:07 - INFO - main.py -   Hits @10: 0.4907898488736812
09/01/2020 07:00:07 - INFO - main.py -   Hits @3: 0.3500998003992016
09/01/2020 07:00:07 - INFO - main.py -   Hits @1: 0.23447390932420872
09/01/2020 07:00:07 - INFO - main.py -   Mean rank: 199.6953521528372
09/01/2020 07:00:07 - INFO - main.py -   Mean reciprocal rank: 0.320115547943792
09/01/2020 07:02:28 - INFO - main.py -   Epoch 451 / time 140.44594 / loss 0.001517240
09/01/2020 07:04:48 - INFO - main.py -   Epoch 452 / time 140.34934 / loss 0.001519183
09/01/2020 07:07:09 - INFO - main.py -   Epoch 453 / time 140.60064 / loss 0.001525205
09/01/2020 07:09:29 - INFO - main.py -   Epoch 454 / time 140.17815 / loss 0.001516529
09/01/2020 07:11:49 - INFO - main.py -   Epoch 455 / time 139.92302 / loss 0.001530392
09/01/2020 07:14:09 - INFO - main.py -   Epoch 456 / time 140.41076 / loss 0.001509875
09/01/2020 07:16:29 - INFO - main.py -   Epoch 457 / time 140.19131 / loss 0.001516762
09/01/2020 07:18:50 - INFO - main.py -   Epoch 458 / time 140.17644 / loss 0.001513828
09/01/2020 07:21:10 - INFO - main.py -   Epoch 459 / time 140.03196 / loss 0.001514332
09/01/2020 07:23:30 - INFO - main.py -   Epoch 460 / time 140.26616 / loss 0.001545419
09/01/2020 07:23:30 - INFO - main.py -   Validation:
09/01/2020 07:23:31 - INFO - main.py -   Number of data points: 35070
09/01/2020 07:24:44 - INFO - main.py -   Hits @10: 0.49338465925292274
09/01/2020 07:24:44 - INFO - main.py -   Hits @3: 0.3553179355574565
09/01/2020 07:24:44 - INFO - main.py -   Hits @1: 0.2388080980895352
09/01/2020 07:24:44 - INFO - main.py -   Mean rank: 190.63330481893357
09/01/2020 07:24:44 - INFO - main.py -   Mean reciprocal rank: 0.324262909162404
09/01/2020 07:27:05 - INFO - main.py -   Epoch 461 / time 140.37775 / loss 0.001518098
09/01/2020 07:29:25 - INFO - main.py -   Epoch 462 / time 140.54203 / loss 0.001516992
09/01/2020 07:31:56 - INFO - main.py -   Epoch 463 / time 150.76187 / loss 0.001522427
09/01/2020 07:34:16 - INFO - main.py -   Epoch 464 / time 140.30857 / loss 0.001520330
09/01/2020 07:36:40 - INFO - main.py -   Epoch 465 / time 143.75031 / loss 0.001509506
09/01/2020 07:39:02 - INFO - main.py -   Epoch 466 / time 141.82821 / loss 0.001520328
09/01/2020 07:41:27 - INFO - main.py -   Epoch 467 / time 145.54340 / loss 0.001511180
09/01/2020 07:43:49 - INFO - main.py -   Epoch 468 / time 141.21780 / loss 0.001521106
09/01/2020 07:46:09 - INFO - main.py -   Epoch 469 / time 140.89215 / loss 0.001511578
09/01/2020 07:48:31 - INFO - main.py -   Epoch 470 / time 141.11014 / loss 0.001516622
09/01/2020 07:48:31 - INFO - main.py -   Validation:
09/01/2020 07:48:31 - INFO - main.py -   Number of data points: 35070
09/01/2020 07:49:45 - INFO - main.py -   Hits @10: 0.49227259766181924
09/01/2020 07:49:45 - INFO - main.py -   Hits @3: 0.3523809523809524
09/01/2020 07:49:45 - INFO - main.py -   Hits @1: 0.2384374108925007
09/01/2020 07:49:45 - INFO - main.py -   Mean rank: 199.735500427716
09/01/2020 07:49:45 - INFO - main.py -   Mean reciprocal rank: 0.32338838700734607
09/01/2020 07:52:07 - INFO - main.py -   Epoch 471 / time 141.60544 / loss 0.001520240
09/01/2020 07:54:29 - INFO - main.py -   Epoch 472 / time 142.17432 / loss 0.001528233
09/01/2020 07:56:50 - INFO - main.py -   Epoch 473 / time 140.99713 / loss 0.001513625
09/01/2020 07:59:11 - INFO - main.py -   Epoch 474 / time 140.97419 / loss 0.001526689
09/01/2020 08:01:31 - INFO - main.py -   Epoch 475 / time 140.20109 / loss 0.001515198
09/01/2020 08:03:52 - INFO - main.py -   Epoch 476 / time 140.71168 / loss 0.001515367
09/01/2020 08:06:12 - INFO - main.py -   Epoch 477 / time 140.22793 / loss 0.001517686
09/01/2020 08:08:33 - INFO - main.py -   Epoch 478 / time 140.78834 / loss 0.001512241
09/01/2020 08:10:53 - INFO - main.py -   Epoch 479 / time 140.47149 / loss 0.001518943
09/01/2020 08:13:13 - INFO - main.py -   Epoch 480 / time 140.32290 / loss 0.001520735
09/01/2020 08:13:13 - INFO - main.py -   Validation:
09/01/2020 08:13:14 - INFO - main.py -   Number of data points: 35070
09/01/2020 08:14:27 - INFO - main.py -   Hits @10: 0.4895922440832621
09/01/2020 08:14:27 - INFO - main.py -   Hits @3: 0.34921585400627314
09/01/2020 08:14:27 - INFO - main.py -   Hits @1: 0.23495865412033076
09/01/2020 08:14:27 - INFO - main.py -   Mean rank: 194.61702309666381
09/01/2020 08:14:27 - INFO - main.py -   Mean reciprocal rank: 0.32002948906193873
09/01/2020 08:16:48 - INFO - main.py -   Epoch 481 / time 140.72914 / loss 0.001526256
09/01/2020 08:19:09 - INFO - main.py -   Epoch 482 / time 140.83076 / loss 0.001524595
09/01/2020 08:21:30 - INFO - main.py -   Epoch 483 / time 141.23206 / loss 0.001508540
09/01/2020 08:23:50 - INFO - main.py -   Epoch 484 / time 140.51313 / loss 0.001513005
09/01/2020 08:26:10 - INFO - main.py -   Epoch 485 / time 140.02037 / loss 0.001516361
09/01/2020 08:28:30 - INFO - main.py -   Epoch 486 / time 139.62069 / loss 0.001515033
09/01/2020 08:31:01 - INFO - main.py -   Epoch 487 / time 150.64723 / loss 0.001510515
09/01/2020 08:33:21 - INFO - main.py -   Epoch 488 / time 140.68862 / loss 0.001510024
09/01/2020 08:35:43 - INFO - main.py -   Epoch 489 / time 141.31998 / loss 0.001514137
09/01/2020 08:38:03 - INFO - main.py -   Epoch 490 / time 140.40877 / loss 0.001512591
09/01/2020 08:38:03 - INFO - main.py -   Validation:
09/01/2020 08:38:04 - INFO - main.py -   Number of data points: 35070
09/01/2020 08:39:17 - INFO - main.py -   Hits @10: 0.49227259766181924
09/01/2020 08:39:17 - INFO - main.py -   Hits @3: 0.35431993156544056
09/01/2020 08:39:17 - INFO - main.py -   Hits @1: 0.23806672369546622
09/01/2020 08:39:17 - INFO - main.py -   Mean rank: 189.257000285144
09/01/2020 08:39:17 - INFO - main.py -   Mean reciprocal rank: 0.3236032980446275
09/01/2020 08:41:38 - INFO - main.py -   Epoch 491 / time 140.89231 / loss 0.001507144
09/01/2020 08:43:58 - INFO - main.py -   Epoch 492 / time 140.59273 / loss 0.001524532
09/01/2020 08:46:18 - INFO - main.py -   Epoch 493 / time 139.96655 / loss 0.001510024
09/01/2020 08:48:39 - INFO - main.py -   Epoch 494 / time 140.74962 / loss 0.001506547
09/01/2020 08:51:00 - INFO - main.py -   Epoch 495 / time 140.64763 / loss 0.001507775
09/01/2020 08:53:20 - INFO - main.py -   Epoch 496 / time 140.43369 / loss 0.001511477
09/01/2020 08:55:41 - INFO - main.py -   Epoch 497 / time 140.60542 / loss 0.001503016
09/01/2020 08:58:01 - INFO - main.py -   Epoch 498 / time 140.40978 / loss 0.001509635
09/01/2020 09:00:22 - INFO - main.py -   Epoch 499 / time 140.38682 / loss 0.001512259
09/01/2020 09:02:42 - INFO - main.py -   Epoch 500 / time 140.54650 / loss 0.001506155
09/01/2020 09:02:42 - INFO - main.py -   Validation:
09/01/2020 09:02:43 - INFO - main.py -   Number of data points: 35070
09/01/2020 09:03:56 - INFO - main.py -   Hits @10: 0.49520958083832334
09/01/2020 09:03:56 - INFO - main.py -   Hits @3: 0.35588822355289423
09/01/2020 09:03:56 - INFO - main.py -   Hits @1: 0.2392072996863416
09/01/2020 09:03:56 - INFO - main.py -   Mean rank: 189.22945537496435
09/01/2020 09:03:56 - INFO - main.py -   Mean reciprocal rank: 0.3251970173150012
09/01/2020 09:03:56 - INFO - main.py -   Final Validation:
09/01/2020 09:03:57 - INFO - main.py -   Number of data points: 35070
09/01/2020 09:05:11 - INFO - main.py -   Hits @10: 0.49520958083832334
09/01/2020 09:05:11 - INFO - main.py -   Hits @3: 0.35588822355289423
09/01/2020 09:05:11 - INFO - main.py -   Hits @1: 0.2392072996863416
09/01/2020 09:05:11 - INFO - main.py -   Mean rank: 189.22945537496435
09/01/2020 09:05:11 - INFO - main.py -   Mean reciprocal rank: 0.3251970173150012
09/01/2020 09:05:11 - INFO - main.py -   Final Test:
09/01/2020 09:05:12 - INFO - main.py -   Number of data points: 40932
09/01/2020 09:06:39 - INFO - main.py -   Hits @10: 0.49438092446008014
09/01/2020 09:06:39 - INFO - main.py -   Hits @3: 0.35241375940584385
09/01/2020 09:06:39 - INFO - main.py -   Hits @1: 0.23636763412489006
09/01/2020 09:06:39 - INFO - main.py -   Mean rank: 200.5811345646438
09/01/2020 09:06:39 - INFO - main.py -   Mean reciprocal rank: 0.3225350715871755
